app/build.locked-20260725-114655/intermediates/manifest_merge_blame_file/debug/processDebugMainManifest/manifest-merger-blame-debug-report.txt
1<?xml version="1.0" encoding="utf-8"?>
2<manifest xmlns:android="http://schemas.android.com/apk/res/android"
3    package="ca.tariq_sekhri.time_tracker"
4    android:versionCode="1"
5    android:versionName="1.0" >
6
7    <uses-sdk
7-->INJECTED
8        android:minSdkVersion="33"
8-->INJECTED
9        android:targetSdkVersion="36" />
9-->INJECTED
10
11    <uses-permission android:name="android.permission.PACKAGE_USAGE_STATS" />
11-->src\main\AndroidManifest.xml:5:5-114
11-->src\main\AndroidManifest.xml:5:22-75
12    <uses-permission android:name="android.permission.QUERY_ALL_PACKAGES" />
12-->src\main\AndroidManifest.xml:6:5-119
12-->src\main\AndroidManifest.xml:6:22-74
13    <uses-permission android:name="android.permission.INTERNET" />
13-->src\main\AndroidManifest.xml:7:5-67
13-->src\main\AndroidManifest.xml:7:22-64
14    <uses-permission android:name="android.permission.WAKE_LOCK" />
14-->[androidx.work:work-runtime:2.11.2] AndroidManifest.xml:23:5-68
14-->[androidx.work:work-runtime:2.11.2] AndroidManifest.xml:23:22-65
15    <uses-permission android:name="android.permission.ACCESS_NETWORK_STATE" />
15-->[androidx.work:work-runtime:2.11.2] AndroidManifest.xml:24:5-79
15-->[androidx.work:work-runtime:2.11.2] AndroidManifest.xml:24:22-76
16    <uses-permission android:name="android.permission.RECEIVE_BOOT_COMPLETED" />
16-->[androidx.work:work-runtime:2.11.2] AndroidManifest.xml:25:5-81
16-->[androidx.work:work-runtime:2.11.2] AndroidManifest.xml:25:22-78
17    <uses-permission android:name="android.permission.FOREGROUND_SERVICE" />
17-->[androidx.work:work-runtime:2.11.2] AndroidManifest.xml:26:5-77
17-->[androidx.work:work-runtime:2.11.2] AndroidManifest.xml:26:22-74
18
19    <permission
19-->[androidx.core:core:1.12.0] AndroidManifest.xml:22:5-24:47
20        android:name="ca.tariq_sekhri.time_tracker.DYNAMIC_RECEIVER_NOT_EXPORTED_PERMISSION"
20-->[androidx.core:core:1.12.0] AndroidManifest.xml:23:9-81
21        android:protectionLevel="signature" />
21-->[androidx.core:core:1.12.0] AndroidManifest.xml:24:9-44
22
23    <uses-permission android:name="ca.tariq_sekhri.time_tracker.DYNAMIC_RECEIVER_NOT_EXPORTED_PERMISSION" />
23-->[androidx.core:core:1.12.0] AndroidManifest.xml:26:5-97
23-->[androidx.core:core:1.12.0] AndroidManifest.xml:26:22-94
24
25    <application
25-->src\main\AndroidManifest.xml:9:5-42:19
26        android:allowBackup="true"
26-->src\main\AndroidManifest.xml:10:9-35
27        android:appComponentFactory="androidx.core.app.CoreComponentFactory"
27-->[androidx.core:core:1.12.0] AndroidManifest.xml:28:18-86
28        android:dataExtractionRules="@xml/data_extraction_rules"
28-->src\main\AndroidManifest.xml:11:9-65
29        android:debuggable="true"
30        android:extractNativeLibs="false"
30-->INJECTED
31        android:fullBackupContent="@xml/backup_rules"
31-->src\main\AndroidManifest.xml:12:9-54
32        android:icon="@mipmap/ic_launcher"
32-->src\main\AndroidManifest.xml:13:9-43
33        android:label="@string/app_name"
33-->src\main\AndroidManifest.xml:14:9-41
34        android:roundIcon="@mipmap/ic_launcher_round"
34-->src\main\AndroidManifest.xml:15:9-54
35        android:supportsRtl="true"
35-->src\main\AndroidManifest.xml:16:9-35
36        android:theme="@style/Theme.TimeTrackerMoblie"
36-->src\main\AndroidManifest.xml:17:9-55
37        android:usesCleartextTraffic="true" >
37-->src\main\AndroidManifest.xml:18:9-44
38        <activity
38-->src\main\AndroidManifest.xml:21:9-28:20
39            android:name="ca.tariq_sekhri.time_tracker.MainActivity"
39-->src\main\AndroidManifest.xml:22:13-41
40            android:exported="true" >
40-->src\main\AndroidManifest.xml:23:13-36
41            <intent-filter>
41-->src\main\AndroidManifest.xml:24:13-27:29
42                <action android:name="android.intent.action.MAIN" />
42-->src\main\AndroidManifest.xml:25:17-69
42-->src\main\AndroidManifest.xml:25:25-66
43
44                <category android:name="android.intent.category.LAUNCHER" />
44-->src\main\AndroidManifest.xml:26:17-77
44-->src\main\AndroidManifest.xml:26:27-74
45            </intent-filter>
46        </activity>
47        <activity
47-->src\main\AndroidManifest.xml:30:9-32:58
48            android:name="ca.tariq_sekhri.time_tracker.LogsActivity"
48-->src\main\AndroidManifest.xml:31:13-41
49            android:parentActivityName="ca.tariq_sekhri.time_tracker.MainActivity" />
49-->src\main\AndroidManifest.xml:32:13-55
50        <activity
50-->src\main\AndroidManifest.xml:34:9-36:58
51            android:name="ca.tariq_sekhri.time_tracker.SkippedAppsActivity"
51-->src\main\AndroidManifest.xml:35:13-48
52            android:parentActivityName="ca.tariq_sekhri.time_tracker.MainActivity" />
52-->src\main\AndroidManifest.xml:36:13-55
53        <activity
53-->src\main\AndroidManifest.xml:38:9-40:58
54            android:name="ca.tariq_sekhri.time_tracker.SyncActivity"
54-->src\main\AndroidManifest.xml:39:13-41
55            android:parentActivityName="ca.tariq_sekhri.time_tracker.MainActivity" />
55-->src\main\AndroidManifest.xml:40:13-55
56
57        <provider
57-->[androidx.work:work-runtime:2.11.2] AndroidManifest.xml:29:9-37:20
58            android:name="androidx.startup.InitializationProvider"
58-->[androidx.work:work-runtime:2.11.2] AndroidManifest.xml:30:13-67
59            android:authorities="ca.tariq_sekhri.time_tracker.androidx-startup"
59-->[androidx.work:work-runtime:2.11.2] AndroidManifest.xml:31:13-68
60            android:exported="false" >
60-->[androidx.work:work-runtime:2.11.2] AndroidManifest.xml:32:13-37
61            <meta-data
61-->[androidx.work:work-runtime:2.11.2] AndroidManifest.xml:34:13-36:52
62                android:name="androidx.work.WorkManagerInitializer"
62-->[androidx.work:work-runtime:2.11.2] AndroidManifest.xml:35:17-68
63                android:value="androidx.startup" />
63-->[androidx.work:work-runtime:2.11.2] AndroidManifest.xml:36:17-49
64            <meta-data
64-->[androidx.emoji2:emoji2:1.2.0] AndroidManifest.xml:29:13-31:52
65                android:name="androidx.emoji2.text.EmojiCompatInitializer"
65-->[androidx.emoji2:emoji2:1.2.0] AndroidManifest.xml:30:17-75
66                android:value="androidx.startup" />
66-->[androidx.emoji2:emoji2:1.2.0] AndroidManifest.xml:31:17-49
67            <meta-data
67-->[androidx.lifecycle:lifecycle-process:2.6.2] AndroidManifest.xml:29:13-31:52
68                android:name="androidx.lifecycle.ProcessLifecycleInitializer"
68-->[androidx.lifecycle:lifecycle-process:2.6.2] AndroidManifest.xml:30:17-78
69                android:value="androidx.startup" />
69-->[androidx.lifecycle:lifecycle-process:2.6.2] AndroidManifest.xml:31:17-49
70            <meta-data
70-->[androidx.profileinstaller:profileinstaller:1.3.0] AndroidManifest.xml:29:13-31:52
71                android:name="androidx.profileinstaller.ProfileInstallerInitializer"
71-->[androidx.profileinstaller:profileinstaller:1.3.0] AndroidManifest.xml:30:17-85
72                android:value="androidx.startup" />
72-->[androidx.profileinstaller:profileinstaller:1.3.0] AndroidManifest.xml:31:17-49
73        </provider>
74
75        <service
75-->[androidx.work:work-runtime:2.11.2] AndroidManifest.xml:39:9-45:35
76            android:name="androidx.work.impl.background.systemjob.SystemJobService"
76-->[androidx.work:work-runtime:2.11.2] AndroidManifest.xml:40:13-84
77            android:directBootAware="false"
77-->[androidx.work:work-runtime:2.11.2] AndroidManifest.xml:41:13-44
78            android:enabled="@bool/enable_system_job_service_default"
78-->[androidx.work:work-runtime:2.11.2] AndroidManifest.xml:42:13-70
79            android:exported="true"
79-->[androidx.work:work-runtime:2.11.2] AndroidManifest.xml:43:13-36
80            android:permission="android.permission.BIND_JOB_SERVICE" />
80-->[androidx.work:work-runtime:2.11.2] AndroidManifest.xml:44:13-69
81        <service
81-->[androidx.work:work-runtime:2.11.2] AndroidManifest.xml:46:9-52:35
82            android:name="androidx.work.impl.foreground.SystemForegroundService"
82-->[androidx.work:work-runtime:2.11.2] AndroidManifest.xml:47:13-81
83            android:directBootAware="false"
83-->[androidx.work:work-runtime:2.11.2] AndroidManifest.xml:48:13-44
84            android:enabled="@bool/enable_system_foreground_service_default"
84-->[androidx.work:work-runtime:2.11.2] AndroidManifest.xml:49:13-77
85            android:exported="false" />
85-->[androidx.work:work-runtime:2.11.2] AndroidManifest.xml:50:13-37
86
87        <receiver
87-->[androidx.work:work-runtime:2.11.2] AndroidManifest.xml:54:9-59:35
88            android:name="androidx.work.impl.utils.ForceStopRunnable$BroadcastReceiver"
88-->[androidx.work:work-runtime:2.11.2] AndroidManifest.xml:55:13-88
89            android:directBootAware="false"
89-->[androidx.work:work-runtime:2.11.2] AndroidManifest.xml:56:13-44
90            android:enabled="true"
90-->[androidx.work:work-runtime:2.11.2] AndroidManifest.xml:57:13-35
91            android:exported="false" />
91-->[androidx.work:work-runtime:2.11.2] AndroidManifest.xml:58:13-37
92        <receiver
92-->[androidx.work:work-runtime:2.11.2] AndroidManifest.xml:60:9-69:20
93            android:name="androidx.work.impl.background.systemalarm.RescheduleReceiver"
93-->[androidx.work:work-runtime:2.11.2] AndroidManifest.xml:61:13-88
94            android:directBootAware="false"
94-->[androidx.work:work-runtime:2.11.2] AndroidManifest.xml:62:13-44
95            android:enabled="false"
95-->[androidx.work:work-runtime:2.11.2] AndroidManifest.xml:63:13-36
96            android:exported="false" >
96-->[androidx.work:work-runtime:2.11.2] AndroidManifest.xml:64:13-37
97            <intent-filter>
97-->[androidx.work:work-runtime:2.11.2] AndroidManifest.xml:66:13-68:29
98                <action android:name="android.intent.action.BOOT_COMPLETED" />
98-->[androidx.work:work-runtime:2.11.2] AndroidManifest.xml:67:17-79
98-->[androidx.work:work-runtime:2.11.2] AndroidManifest.xml:67:25-76
99            </intent-filter>
100        </receiver>
101        <receiver
101-->[androidx.work:work-runtime:2.11.2] AndroidManifest.xml:70:9-80:20
102            android:name="androidx.work.impl.diagnostics.DiagnosticsReceiver"
102-->[androidx.work:work-runtime:2.11.2] AndroidManifest.xml:71:13-78
103            android:directBootAware="false"
103-->[androidx.work:work-runtime:2.11.2] AndroidManifest.xml:72:13-44
104            android:enabled="true"
104-->[androidx.work:work-runtime:2.11.2] AndroidManifest.xml:73:13-35
105            android:exported="true"
105-->[androidx.work:work-runtime:2.11.2] AndroidManifest.xml:74:13-36
106            android:permission="android.permission.DUMP" >
106-->[androidx.work:work-runtime:2.11.2] AndroidManifest.xml:75:13-57
107            <intent-filter>
107-->[androidx.work:work-runtime:2.11.2] AndroidManifest.xml:77:13-79:29
108                <action android:name="androidx.work.diagnostics.REQUEST_DIAGNOSTICS" />
108-->[androidx.work:work-runtime:2.11.2] AndroidManifest.xml:78:17-88
108-->[androidx.work:work-runtime:2.11.2] AndroidManifest.xml:78:25-85
109            </intent-filter>
110        </receiver>
111
112        <service
112-->[androidx.room:room-runtime-android:2.7.0] AndroidManifest.xml:24:9-28:63
113            android:name="androidx.room.MultiInstanceInvalidationService"
113-->[androidx.room:room-runtime-android:2.7.0] AndroidManifest.xml:25:13-74
114            android:directBootAware="true"
114-->[androidx.room:room-runtime-android:2.7.0] AndroidManifest.xml:26:13-43
115            android:exported="false" />
115-->[androidx.room:room-runtime-android:2.7.0] AndroidManifest.xml:27:13-37
116
117        <receiver
117-->[androidx.profileinstaller:profileinstaller:1.3.0] AndroidManifest.xml:34:9-52:20
118            android:name="androidx.profileinstaller.ProfileInstallReceiver"
118-->[androidx.profileinstaller:profileinstaller:1.3.0] AndroidManifest.xml:35:13-76
119            android:directBootAware="false"
119-->[androidx.profileinstaller:profileinstaller:1.3.0] AndroidManifest.xml:36:13-44
120            android:enabled="true"
120-->[androidx.profileinstaller:profileinstaller:1.3.0] AndroidManifest.xml:37:13-35
121            android:exported="true"
121-->[androidx.profileinstaller:profileinstaller:1.3.0] AndroidManifest.xml:38:13-36
122            android:permission="android.permission.DUMP" >
122-->[androidx.profileinstaller:profileinstaller:1.3.0] AndroidManifest.xml:39:13-57
123            <intent-filter>
123-->[androidx.profileinstaller:profileinstaller:1.3.0] AndroidManifest.xml:40:13-42:29
124                <action android:name="androidx.profileinstaller.action.INSTALL_PROFILE" />
124-->[androidx.profileinstaller:profileinstaller:1.3.0] AndroidManifest.xml:41:17-91
124-->[androidx.profileinstaller:profileinstaller:1.3.0] AndroidManifest.xml:41:25-88
125            </intent-filter>
126            <intent-filter>
126-->[androidx.profileinstaller:profileinstaller:1.3.0] AndroidManifest.xml:43:13-45:29
127                <action android:name="androidx.profileinstaller.action.SKIP_FILE" />
127-->[androidx.profileinstaller:profileinstaller:1.3.0] AndroidManifest.xml:44:17-85
127-->[androidx.profileinstaller:profileinstaller:1.3.0] AndroidManifest.xml:44:25-82
128            </intent-filter>
129            <intent-filter>
129-->[androidx.profileinstaller:profileinstaller:1.3.0] AndroidManifest.xml:46:13-48:29
130                <action android:name="androidx.profileinstaller.action.SAVE_PROFILE" />
130-->[androidx.profileinstaller:profileinstaller:1.3.0] AndroidManifest.xml:47:17-88
130-->[androidx.profileinstaller:profileinstaller:1.3.0] AndroidManifest.xml:47:25-85
131            </intent-filter>
132            <intent-filter>
132-->[androidx.profileinstaller:profileinstaller:1.3.0] AndroidManifest.xml:49:13-51:29
133                <action android:name="androidx.profileinstaller.action.BENCHMARK_OPERATION" />
133-->[androidx.profileinstaller:profileinstaller:1.3.0] AndroidManifest.xml:50:17-95
133-->[androidx.profileinstaller:profileinstaller:1.3.0] AndroidManifest.xml:50:25-92
134            </intent-filter>
135        </receiver>
136    </application>
137
138</manifest>